Log: Log file open, 01/16/23 14:09:09
Init: ----------------------------------------
Init: SWAT VERSION NUMBER: 1.6
Init: ----------------------------------------
Init: Compiled: Nov 22 2005 12:00:47
Init: Command line: -s
Init: Base directory: C:\GOG Games\SWAT Gold\ContentExpansion\System\
Init: Character set: Unicode
Init: Found startup configuration: StartupUCC.ini
Init: Adding FilePath: ..\Source\Game\System;..\Source\Unreal\System;..\Content;..\Content\System;..\..\Content;..\..\Content\Classes;..\..\ContentExpansion;..\..\ContentExpansion\System;..\..\ContentExpansion\Classes;
Log: Bound to Core.dll
Init: Object subsystem initialized
Init: Computer: DESKTOPJA5DMV4
Init: User: Feder
Init: CPU Page size=4096, Processors=2
Init: CPU Detected: PentiumPro-class processor (GenuineIntel)
Init: CPU Features: CMov FPU RDTSC PAE MMX SSE
Init: CPU Speed=1093.442495 MHz
Init: Memory total: Phys=2097151K Pagef=4194303K Virt=2097024K
Init: Working set: 32000 / 159000
Log: Bound to Engine.dll
Log: Bound to IGEffectsSystem.dll
Log: Executing Class Engine.MasterMD5Commandlet
Log: ==================================================
Log:  MD5 Database Management
Log: ==================================================
Log:  
Log: Loading existing MD5 information...
Log:  
Log: GUID: 06B837614FAB63DDF75323A7C4FF37FF [rl=0]
Log:     id 0: 3e93531cf31d3590b2f722ab73e9a714
Log: GUID: B38347484F72389E07EE1394F1B8772F [rl=0]
Log:     id 0: 86693056f74be573d7309647868c7581
Log: GUID: 169DB42D4903437D62FAF497A578848C [rl=0]
Log:     id 0: b811f21f7d5649a6d3fe10f2a3732a32
Log: GUID: 7D833B5B4574CD8F39336EA59464140C [rl=0]
Log:     id 0: ba8ac4a5bcbc885eef5d749e90a03ae5
Log: GUID: 09D1854146B64A95507DEE8BA080272B [rl=0]
Log:     id 0: 970de2eeb6d8ac348fbfc80b4744e4a9
Log: GUID: 790B6F9C4874AE5B1C2EDCA582E3B3B3 [rl=0]
Log:     id 0: 5b663c027dbde565acb7a2fa9b545b96
Log: GUID: 9986144F414DB43E50DE298BE332BBBA [rl=0]
Log:     id 0: e51af908c9a408c0ffc3b50880ca880b
Log: GUID: 033AFD414FDA6A9632A1029F43C429EE [rl=0]
Log:     id 0: 710827f14d2e63e84db5452394310269
Log: GUID: 75C6957645413BE785A39DAEC4A8379C [rl=0]
Log:     id 0: 64701760fe257aa507db6886987b88d1
Log: GUID: 6136B2164A9B2DAC8F8BF2BFF8E7E675 [rl=0]
Log:     id 0: 70cd1f4f2625670e5f886463e2dc68e6
Log: GUID: BECC5DB543F2875469842A94A2522A28 [rl=0]
Log:     id 0: d24a12a4e0f4b756d2dcfd32e9695cbe
Log: GUID: 405D3B8247F63F31C149C5A1741837B3 [rl=0]
Log:     id 0: 79984aa19284efbd5368a2ceae55e6e2
Log: GUID: B7075A20408C512A5A45FEB5BD2EB7B9 [rl=0]
Log:     id 0: 1935654e971ce950008762461934fd3e
Log: GUID: 7F482CC0496E9196B5B4328639F96DDC [rl=0]
Log:     id 0: d78a9506feb455a84ce1d01fc3388f63
Log: GUID: E441E89A4925585F904CCFB2A569A9D2 [rl=0]
Log:     id 0: bb63e8785e072f93d827d7c372361ecc
Log: GUID: 476CE2E44C846BDAC770249C4D4B5274 [rl=0]
Log:     id 0: a41fb7b84e53eddcdfb8633d41187701
Log: GUID: EBA1D69E43FA4EA2EDB3D391207D9AD9 [rl=0]
Log:     id 0: c1bbbb6c6c220abd4b87201e07ba2fee
Log: GUID: 6EE3A17641BE537DD05F7385E823F4DD [rl=0]
Log:     id 0: e1879ab3c5b1d82ab41a58281c519bcd
Log: GUID: 51DE25B946DF68B179C0DEA3147EEE69 [rl=0]
Log:     id 0: 16a0479bb85c58b777e5d5627e4500f8
Log: GUID: 02175805430A52CAE926F0A8D33D7085 [rl=0]
Log:     id 0: 0c6db20c3daae65d15daa181e13b754d
Log: GUID: E062E44E419FE3E22FB092B748B5450C [rl=0]
Log:     id 0: 0954ed1db36512050d5b379cc61699af
Log: GUID: 66A3076C476FE1C2183CDBABFFEFFEC9 [rl=0]
Log:     id 0: 47f880e9b047ce43a157901dc893c5eb
Log: GUID: 402D9E5748AFD7976080638951135A5A [rl=0]
Log:     id 0: 78b684cb93161a2e35a4a3d75b5f40ef
Log: GUID: A741296341547FA191E29BA323899F3A [rl=0]
Log:     id 0: 34766d7f962f10e92761db9206173fa3
Log: GUID: 5DDFE96742C081227E754DA3530FCCCD [rl=0]
Log:     id 0: ac8839cecf2f671a97e6a64823e44652
Log: GUID: 59CE832D4A4F1A33A0F977B4E0E13234 [rl=0]
Log:     id 0: 6b5c4fade47573e6a911c67854d6549f
Log: GUID: FA6E7BAC409130DF13E70B84468B914E [rl=0]
Log:     id 0: 78b0cde269a9c3491eb3555deeeba53f
Log: GUID: B7EC94F04804939ABADECA9E4A7079FA [rl=0]
Log:     id 0: 8174694a574f988d42a299c28a50ec3e
Log: GUID: 0BB61B9541E4005AF11FE4A4AD864F58 [rl=0]
Log:     id 0: 792c2a9ad8edd94aeef6569fac23422d
Log: GUID: 0535AB8746950C7540D4219A187E34EA [rl=0]
Log:     id 0: 2e4c5f325ec906e522f20ba08f66ee16
Log: GUID: 32DCBB6B432B6CB6C3AA7F96AE9D76E0 [rl=0]
Log:     id 0: 8d184734a4b6ff690ab51bd553d60681
Log: GUID: 8A5EC96C48C4A99EBF7E65862B195431 [rl=0]
Log:     id 0: edccccd4db0c8fef21b4c1e8be841fe0
Log: GUID: 0FEDB66D4793D8D0A604BFB75FA5BA04 [rl=0]
Log:     id 0: 6686a40da59f555de00a1bf2e6c5c09c
Log: GUID: CFDFEE544705468CBE191E8734295829 [rl=0]
Log:     id 0: a78009373f8fb1ded6a19de2fa3e01a6
Log: GUID: F9B863404B670A2EB3C176AAC20E870A [rl=0]
Log:     id 0: 6173a0e7ed640fc95725db9b816a03d2
Log: GUID: B488DFB94FD3CA5CBAE9ECA8917412CD [rl=0]
Log:     id 0: 7a838f9d05038aea117a9073c61097d1
Log: GUID: 643FB5234C14097F511E33AABB6E14B5 [rl=0]
Log:     id 0: cb9afc40806be3389265fe4694881673
Log: GUID: BAF5B407475A9347F3479BA04E20BE93 [rl=0]
Log:     id 0: 53c69cdcc62c32b26d742c7f2f0214ba
Log: GUID: B20FEC7344313845A5C708BCE541542A [rl=0]
Log:     id 0: 1446b0265010f6296b4bcf75376c0f85
Log: GUID: 4B6816984AA82B0F19D88ABBE3563F94 [rl=0]
Log:     id 0: 7cd8e8d09bc2e6b0e57de7c6bb26c198
Log: GUID: 4DF4844843D030A512DDE5B483B889FB [rl=0]
Log:     id 0: b04a390e78707e6b63a6422c6be91704
Log: GUID: 832C59C843E4A61132FD3FABC3F98C27 [rl=0]
Log:     id 0: 3349f8a21af2667aaaa8dd1a3fd509b2
Log: GUID: 688D634646007FA6E81B84930B17FE10 [rl=0]
Log:     id 0: 08037313b1a735e5260df3737981aa09
Log: GUID: 0C56B2114113FC8775FBF48641B970DE [rl=0]
Log:     id 0: dd78623cbe45d23ef92e40bfc5794dfc
Log: GUID: 3B33EED5488F0965021459A7CD0DE359 [rl=0]
Log:     id 0: dfdf9ef3a7575a8fa91c85e2c43763fa
Log: GUID: 6419DBBE4E570840CC2572A361845F12 [rl=0]
Log:     id 0: bf30b24b35f2e6b705455b7f020048d8
Log: GUID: 97F59F61401F1B9EB469D3911569619C [rl=0]
Log:     id 0: 4332c4b1eb6a11b51ab2250c5135fb6c
Log: GUID: 5198B6D94129C74B5448069A48F3D26D [rl=0]
Log:     id 0: cc326a167d023382916d51eb3a6f9fcf
Log: GUID: 08DF72F640F8CA6AE22E6DB7861C4803 [rl=0]
Log:     id 0: 047ce0bab82dd98cad95c731c8b65f6d
Log: GUID: 85666A5E495196E22D90B1A066E0B525 [rl=0]
Log:     id 0: 89d2000247eb1308a8f74e596e33979a
Log: GUID: 2869BA6F425CEADB3C884087F580A334 [rl=0]
Log:     id 0: 06fa5cbf755aea5704d424de77449da0
Log: GUID: 9935EA54463E697783A527AAF301E698 [rl=0]
Log:     id 0: 454c2f0a2662c69af38617c5703aae0c
Log: GUID: 8932302F4358A2EFAA967E81F0E3F489 [rl=0]
Log:     id 0: 82c53b706a4af07fa995d543ed464f2a
Log: GUID: 5EB3DF35490CA4C8B341BEA66F351E26 [rl=0]
Log:     id 0: 9c398c294974841b33c0307b57812dcb
Log: GUID: CFFB8FD7441A2DD2A87EDDA6E37A46A9 [rl=0]
Log:     id 0: 7efcdad15a0f7fb3350ceb129f22a262
Log: GUID: C77989434163D4A53C12708051352DE8 [rl=0]
Log:     id 0: 48c2ff1b80b19b9d9a8d5f303c990d0b
Log: GUID: 902E406840BF0206D1FA32B2DFCCD399 [rl=0]
Log:     id 0: d8a3da5429e23bb6a26d10a539e8ba88
Log: GUID: 0C9771CF4180BBFB45C751B36F660341 [rl=0]
Log:     id 0: 7767437172c430c7600fd9937273a732
Log: GUID: BC3F2FBA481EBFD8C0CA8CB5AEAC23A4 [rl=0]
Log:     id 0: f00950c36bb44fb8cde6ce6f6f3ab5ed
Log: GUID: 0791A39144E0D62AA858F6A446C29167 [rl=0]
Log:     id 0: 312345124fdb7fd7bc0cabf5043e761a
Log: GUID: D5A74E5C4F6141B73083B08A564260F5 [rl=0]
Log:     id 0: 7bafc4d93a4c8b27836c66b40386b7ac
Log: GUID: 6367224944334ACCDD74BBBE235C169C [rl=0]
Log:     id 0: 05b6abfec5b4a6f6e9cb1cec5a184b4f
Log: GUID: 1555CDBE4A2B89540755B1846040DE4F [rl=0]
Log:     id 0: 5c0607e86134fd7e1ae02c50aac44e39
Log: GUID: 80F0C56647EB4F883BC837BD7858805F [rl=0]
Log:     id 0: 1af0dfa9f49710bd8f2b0b243ed539ae
Log: GUID: CFDDF2D04C319053EA850781902920B1 [rl=0]
Log:     id 0: ef2e33e31253d0853bd6a7349a4bf54f
Log: GUID: 3ECA67054A65021F806B788F6097006E [rl=0]
Log:     id 0: 565734230c47536721de90cfcda88d80
Log: GUID: B513B3184A64CA3D99432EB58AF4D772 [rl=0]
Log:     id 0: 74cde2e8ae49e90bc687316474475f8b
Log: GUID: 957905FA46AE79CD4E6D8EBF83A6A4A0 [rl=0]
Log:     id 0: 359a3987a532af2ed000aaf3cf8662f6
Log: GUID: 2D74758B46AD6D4E0BBBE5B56695633F [rl=0]
Log:     id 0: 0dfc89a03fb4fcb23d8d912fb93799d1
Log: GUID: F93C3CFF4895DF8158F6A6A8E650A6B3 [rl=0]
Log:     id 0: 5be208a374b54bcc7b1121c99794899a
Log: GUID: EDF493604D96BD49C1316AABAC18A2CC [rl=0]
Log:     id 0: e9d93436b0dc8d9f1659eb2ac5568451
Log: GUID: 90CBC29545742E0E352E3B8C7FC1C46C [rl=0]
Log:     id 0: ca7d33cd7a73fa07b0d281bbd0390ec0
Log: GUID: 20BE934F45F6E0FFFF3E68961F0C0A9D [rl=0]
Log:     id 0: f1bd20f30af40849a1846a7ef465f88f
Log: GUID: B1B11B7F48D537602538338EEA246424 [rl=0]
Log:     id 0: 2d3601c35176c6dc3bd80ae69b6aec15
Log: GUID: E79DA6A2438DD8B045A3D49A53168BA9 [rl=0]
Log:     id 0: ca83226ba0e743d48ebee6c653962d68
Log: GUID: DB60F1D94D6AB2F1AE4A21958D4B453C [rl=0]
Log:     id 0: 8cb8f9ac44d48dfbc7e701124799c90b
Log: GUID: DD202BCC4AF93875102F06B6115814B8 [rl=0]
Log:     id 0: bd8760cddc9bb6ec0ef1536fb36c8a5f
Log: GUID: A0F2ED4F42BA959A9DEF18883C385559 [rl=0]
Log:     id 0: 6c5086d706dc97a9247609cca00aabcf
Log: GUID: B4773F9A4C1A765DB6B667886DBEE797 [rl=0]
Log:     id 0: 16e38791803df353121967deb2d8f4a3
Log: GUID: 321C619A4441265753972C97947BE8D6 [rl=0]
Log:     id 0: b0a12ed890c6cfa1eac2de95c5afcc36
Log: GUID: C8A256D442AF5861C35FE5BEC70B6A37 [rl=0]
Log:     id 0: 3f650a112a165caa311834fb43e701bf
Log: GUID: 2C75397B4A4B4B6F48ABBC9943561187 [rl=0]
Log:     id 0: 86b0ed268f67c7f43019ccf534644815
Log: GUID: 09FEAE6840166A547D2266A289A81311 [rl=0]
Log:     id 0: ea13e2a2d244e1cab2d1e5dd149ebe08
Log: GUID: 76B432A24F22275A7DA4BE9BF273B1E3 [rl=0]
Log:     id 0: 3b89fda165bb3befca698f1d1d18e813
Log: GUID: ECCAC9104D1FC7DA340FBEABD9B42694 [rl=0]
Log:     id 0: 6d72150da56547541d6503eb4aca9567
Log: GUID: 597C1FC24106893F5C335B93EDA2E989 [rl=0]
Log:     id 0: fe65a2a407d2212cc4e302bcf197a0ec
Log: GUID: A96F272642301CEA1F755E8484FD357B [rl=0]
Log:     id 0: 92725ebee4bd9b2ca201fb421154bac4
Log: GUID: B13750DF4BD9106AF38CC1B17B30E07E [rl=0]
Log:     id 0: 3e590714731526a5da7cdc79410d6c3a
Log: GUID: EB62ED124957B916A9837F9095D0E411 [rl=0]
Log:     id 0: 5c306c947b75a5b5a8885b0c6780d173
Log: GUID: F218B3B9433BD49D31D29696D86E65F4 [rl=0]
Log:     id 0: f53947b8c29fbe06198505aa4f0dc155
Log: GUID: 20B9E7B945AA42226544EEA537154979 [rl=0]
Log:     id 0: 7fdc3015c175dbbe02c897bd09827f52
Log: GUID: 1F651BFA47D6B8E277D4E781BD5D4C50 [rl=0]
Log:     id 0: 22cc2bd41b57f3a785a8f2616c680c25
Log: GUID: 866CE227475955400F2DE78C01D09E9D [rl=0]
Log:     id 0: f6dc5f4362de7da37cb0707a131059ba
Log: ==================================================
Log:  No of Packages in database: 93
Log:  Highest Revision Level    : 0
Log: ==================================================
Log: Success - 0 error(s), 0 warning(s)
Exit: Preparing to exit.
Log: Purging garbage
Log: Unbound to Core.dll
Log: Unbound to Engine.dll
Log: 0.0ms Unloading: Package Engine
Log: 0.0ms Unloading: Package Core
Log: 1.0ms Unloading: Package Engine_res
Log: 1.0ms Unloading: Package SWAT4editorTex
Log: 1.0ms Unloading: Package SwatGear_sm
Log: 1.0ms Unloading: Package SwatGearTex
Log: 1.0ms Unloading: Package SwatGearTexBTLA
Log: 1.0ms Unloading: Package SWAT1stPersonTex
Log: 1.0ms Unloading: Package gui_sas
Log: 1.0ms Unloading: Package MP5A4_NEW
Log: 1.0ms Unloading: Package SwatFXtex
Log: 1.0ms Unloading: Package SwatGearTexHOV
Log: 1.0ms Unloading: Package mich_helmet
Log: 1.0ms Unloading: Package G36Knew
Log: 1.0ms Unloading: Package BenelliNovanew
Log: 1.0ms Unloading: Package M4A1_SFM500
Log: 1.0ms Unloading: Package Kimber
Log: 1.0ms Unloading: Package SWAT5_Weapons_AK47
Log: 1.0ms Unloading: Package UMPnew
Log: 1.0ms Unloading: Package bm4
Log: 1.0ms Unloading: Package SwatArmory_Tex
Log: 1.0ms Unloading: Package MaleGang1Tex
Log: 1.0ms Unloading: Package M870Breach
Log: 1.0ms Unloading: Package Glock
Log: 1.0ms Unloading: Package SWAT5_Weapons_AK74
Log: 1.0ms Unloading: Package 1stPersonTex_sas
Log: 1.0ms Unloading: Package 92fs
Log: 1.0ms Unloading: Package motorola
Log: 1.0ms Unloading: Package safariland
Log: 1.0ms Unloading: Package protec_helmet
Log: 1.0ms Unloading: Package GearTex_sas
Log: 1.0ms Unloading: Package EditorSprites
Log: 1.0ms Unloading: Package HUD
Log: 1.0ms Unloading: Package Editor_res
Log: 1.0ms Unloading: Package Hotel_sm
Log: 1.0ms Unloading: Package Hotel
Log: 1.0ms Unloading: Package MetalShaders
Log: 1.0ms Unloading: Package Repo_Tex
Log: 1.0ms Unloading: Package Arms_Tex
Log: 1.0ms Unloading: Package Silence_Tex
Log: 1.0ms Unloading: Package office_Tex
Log: 1.0ms Unloading: Package DNA_tex
Log: 1.0ms Unloading: Package VIP_Tex
Log: 1.0ms Unloading: Package HotelFXtex
Log: 1.0ms Unloading: Package barbershop_tex
Log: 1.0ms Unloading: Package FP_Hand2
Log: Unbound to IGEffectsSystem.dll
Log: 1.0ms Unloading: Package IGEffectsSystem
Log: 1.0ms Unloading: Package SWAThands
Log: 1.0ms Unloading: Package Packages
Log: Garbage: objects: 610->0; refs: 0
Exit: Object subsystem successfully closed.
Exit: Exiting.
Log: Waiting for file streaming thread to finish...
Uninitialized: Name subsystem shut down
Uninitialized: Allocation checking disabled
Uninitialized: Log file closed, 01/16/23 14:09:11
